TN:
SF:src/App.js
FN:6,(anonymous_0)
FN:19,(anonymous_1)
FN:24,(anonymous_2)
FN:28,(anonymous_3)
FN:36,(anonymous_4)
FN:43,(anonymous_5)
FN:60,(anonymous_6)
FN:72,(anonymous_7)
FN:77,(anonymous_8)
FN:141,(anonymous_9)
FN:149,(anonymous_10)
FN:150,(anonymous_11)
FNF:12
FNH:10
FNDA:11,(anonymous_0)
FNDA:4,(anonymous_1)
FNDA:2,(anonymous_2)
FNDA:4,(anonymous_3)
FNDA:1,(anonymous_4)
FNDA:1,(anonymous_5)
FNDA:0,(anonymous_6)
FNDA:1,(anonymous_7)
FNDA:1,(anonymous_8)
FNDA:7,(anonymous_9)
FNDA:0,(anonymous_10)
FNDA:1,(anonymous_11)
DA:6,1
DA:7,11
DA:8,10
DA:17,10
DA:19,10
DA:20,4
DA:21,4
DA:24,10
DA:25,2
DA:28,10
DA:29,4
DA:30,4
DA:36,10
DA:37,1
DA:43,10
DA:44,1
DA:46,1
DA:48,0
DA:49,0
DA:52,1
DA:56,1
DA:57,1
DA:60,10
DA:61,0
DA:69,0
DA:72,10
DA:73,1
DA:74,1
DA:77,10
DA:78,1
DA:86,1
DA:89,10
DA:142,7
DA:149,0
DA:150,1
LF:35
LH:30
BRDA:29,0,0,1
BRDA:29,0,1,3
BRDA:46,1,0,0
BRDA:46,1,1,1
BRDA:119,2,0,0
BRDA:119,2,1,10
BRDA:122,3,0,10
BRDA:122,3,1,0
BRDA:146,4,0,7
BRDA:146,4,1,0
BRF:10
BRH:6
end_of_record
TN:
SF:src/api.js
FNF:0
FNH:0
DA:4,1
LF:1
LH:1
BRF:0
BRH:0
end_of_record
